# JRE version: Java(TM) SE Runtime Environment (8.0_201-b09) (build 1.8.0_201-b09)
# Java VM: Java HotSpot(TM) 64-Bit Server VM (25.201-b09 mixed mode linux-amd64 compressed oops)
Heap:
 PSYoungGen      total 18432K, used 13477K [0x00000000ebe00000, 0x00000000ee200000, 0x0000000100000000)
  eden space 15872K, 72% used [0x00000000ebe00000,0x00000000ec938f60,0x00000000ecd80000)
  from space 2560K, 77% used [0x00000000ed000000,0x00000000ed1f0830,0x00000000ed280000)
  to   space 2560K, 0% used [0x00000000ecd80000,0x00000000ecd80000,0x00000000ed000000)
 ParOldGen       total 42496K, used 34866K [0x00000000c3a00000, 0x00000000c6380000, 0x00000000ebe00000)
  object space 42496K, 82% used [0x00000000c3a00000,0x00000000c5c0ca10,0x00000000c6380000)
 Metaspace       used 11815K, capacity 11990K, committed 12160K, reserved 1060864K
  class space    used 1461K, capacity 1543K, committed 1664K, reserved 1048576K
GC Heap History (4 events):
Event: 0,653 GC heap before
{Heap before GC invocations=1 (full 0):
 PSYoungGen      total 18432K, used 15872K [0x00000000ebe00000, 0x00000000ed280000, 0x0000000100000000)
  eden space 15872K, 100% used [0x00000000ebe00000,0x00000000ecd80000,0x00000000ecd80000)
  from space 2560K, 0% used [0x00000000ed000000,0x00000000ed000000,0x00000000ed280000)
  to   space 2560K, 0% used [0x00000000ecd80000,0x00000000ecd80000,0x00000000ed000000)
 ParOldGen       total 42496K, used 34842K [0x00000000c3a00000, 0x00000000c6380000, 0x00000000ebe00000)
  object space 42496K, 81% used [0x00000000c3a00000,0x00000000c5c06a10,0x00000000c6380000)
 Metaspace       used 11206K, capacity 11414K, committed 11520K, reserved 1058816K
  class space    used 1381K, capacity 1479K, committed 1536K, reserved 1048576K
Event: 0,656 GC heap after
Heap after GC invocations=1 (full 0):
 PSYoungGen      total 18432K, used 2020K [0x00000000ebe00000, 0x00000000ed280000, 0x0000000100000000)
  eden space 15872K, 0% used [0x00000000ebe00000,0x00000000ebe00000,0x00000000ecd80000)
  from space 2560K, 78% used [0x00000000ecd80000,0x00000000ecf79040,0x00000000ed000000)
  to   space 2560K, 0% used [0x00000000ed000000,0x00000000ed000000,0x00000000ed280000)
 ParOldGen       total 42496K, used 34858K [0x00000000c3a00000, 0x00000000c6380000, 0x00000000ebe00000)
  object space 42496K, 82% used [0x00000000c3a00000,0x00000000c5c0aa10,0x00000000c6380000)
 Metaspace       used 11206K, capacity 11414K, committed 11520K, reserved 1058816K
  class space    used 1381K, capacity 1479K, committed 1536K, reserved 1048576K
}
Event: 0,857 GC heap before
{Heap before GC invocations=2 (full 0):
 PSYoungGen      total 18432K, used 17892K [0x00000000ebe00000, 0x00000000ed280000, 0x0000000100000000)
  eden space 15872K, 100% used [0x00000000ebe00000,0x00000000ecd80000,0x00000000ecd80000)
  from space 2560K, 78% used [0x00000000ecd80000,0x00000000ecf79040,0x00000000ed000000)
  to   space 2560K, 0% used [0x00000000ed000000,0x00000000ed000000,0x00000000ed280000)
 ParOldGen       total 42496K, used 34858K [0x00000000c3a00000, 0x00000000c6380000, 0x00000000ebe00000)
  object space 42496K, 82% used [0x00000000c3a00000,0x00000000c5c0aa10,0x00000000c6380000)
 Metaspace       used 11210K, capacity 11414K, committed 11520K, reserved 1058816K
  class space    used 1381K, capacity 1479K, committed 1536K, reserved 1048576K
Event: 0,860 GC heap after
Heap after GC invocations=2 (full 0):
 PSYoungGen      total 18432K, used 1986K [0x00000000ebe00000, 0x00000000ee200000, 0x0000000100000000)
  eden space 15872K, 0% used [0x00000000ebe00000,0x00000000ebe00000,0x00000000ecd80000)
  from space 2560K, 77% used [0x00000000ed000000,0x00000000ed1f0830,0x00000000ed280000)
  to   space 2560K, 0% used [0x00000000ecd80000,0x00000000ecd80000,0x00000000ed000000)
 ParOldGen       total 42496K, used 34866K [0x00000000c3a00000, 0x00000000c6380000, 0x00000000ebe00000)
  object space 42496K, 82% used [0x00000000c3a00000,0x00000000c5c0ca10,0x00000000c6380000)
 Metaspace       used 11210K, capacity 11414K, committed 11520K, reserved 1058816K
  class space    used 1381K, capacity 1479K, committed 1536K, reserved 1048576K
}

