# JRE version: Java(TM) SE Runtime Environment (8.0_201-b09) (build 1.8.0_201-b09)
# Java VM: Java HotSpot(TM) 64-Bit Server VM (25.201-b09 mixed mode linux-amd64 compressed oops)
Heap:
 PSYoungGen      total 18432K, used 13864K [0x00000000ebe00000, 0x00000000ee200000, 0x0000000100000000)
  eden space 15872K, 74% used [0x00000000ebe00000,0x00000000ec97a0c0,0x00000000ecd80000)
  from space 2560K, 82% used [0x00000000ed000000,0x00000000ed210020,0x00000000ed280000)
  to   space 2560K, 0% used [0x00000000ecd80000,0x00000000ecd80000,0x00000000ed000000)
 ParOldGen       total 42496K, used 34858K [0x00000000c3a00000, 0x00000000c6380000, 0x00000000ebe00000)
  object space 42496K, 82% used [0x00000000c3a00000,0x00000000c5c0aa10,0x00000000c6380000)
 Metaspace       used 12520K, capacity 12698K, committed 12928K, reserved 1060864K
  class space    used 1534K, capacity 1607K, committed 1664K, reserved 1048576K
GC Heap History (4 events):
Event: 0,745 GC heap before
{Heap before GC invocations=1 (full 0):
 PSYoungGen      total 18432K, used 15872K [0x00000000ebe00000, 0x00000000ed280000, 0x0000000100000000)
  eden space 15872K, 100% used [0x00000000ebe00000,0x00000000ecd80000,0x00000000ecd80000)
  from space 2560K, 0% used [0x00000000ed000000,0x00000000ed000000,0x00000000ed280000)
  to   space 2560K, 0% used [0x00000000ecd80000,0x00000000ecd80000,0x00000000ed000000)
 ParOldGen       total 42496K, used 34842K [0x00000000c3a00000, 0x00000000c6380000, 0x00000000ebe00000)
  object space 42496K, 81% used [0x00000000c3a00000,0x00000000c5c06a10,0x00000000c6380000)
 Metaspace       used 10801K, capacity 10964K, committed 11264K, reserved 1058816K
  class space    used 1327K, capacity 1412K, committed 1536K, reserved 1048576K
Event: 0,749 GC heap after
Heap after GC invocations=1 (full 0):
 PSYoungGen      total 18432K, used 2160K [0x00000000ebe00000, 0x00000000ed280000, 0x0000000100000000)
  eden space 15872K, 0% used [0x00000000ebe00000,0x00000000ebe00000,0x00000000ecd80000)
  from space 2560K, 84% used [0x00000000ecd80000,0x00000000ecf9c010,0x00000000ed000000)
  to   space 2560K, 0% used [0x00000000ed000000,0x00000000ed000000,0x00000000ed280000)
 ParOldGen       total 42496K, used 34850K [0x00000000c3a00000, 0x00000000c6380000, 0x00000000ebe00000)
  object space 42496K, 82% used [0x00000000c3a00000,0x00000000c5c08a10,0x00000000c6380000)
 Metaspace       used 10801K, capacity 10964K, committed 11264K, reserved 1058816K
  class space    used 1327K, capacity 1412K, committed 1536K, reserved 1048576K
}
Event: 0,946 GC heap before
{Heap before GC invocations=2 (full 0):
 PSYoungGen      total 18432K, used 18032K [0x00000000ebe00000, 0x00000000ed280000, 0x0000000100000000)
  eden space 15872K, 100% used [0x00000000ebe00000,0x00000000ecd80000,0x00000000ecd80000)
  from space 2560K, 84% used [0x00000000ecd80000,0x00000000ecf9c010,0x00000000ed000000)
  to   space 2560K, 0% used [0x00000000ed000000,0x00000000ed000000,0x00000000ed280000)
 ParOldGen       total 42496K, used 34850K [0x00000000c3a00000, 0x00000000c6380000, 0x00000000ebe00000)
  object space 42496K, 82% used [0x00000000c3a00000,0x00000000c5c08a10,0x00000000c6380000)
 Metaspace       used 10804K, capacity 10964K, committed 11264K, reserved 1058816K
  class space    used 1327K, capacity 1412K, committed 1536K, reserved 1048576K
Event: 0,949 GC heap after
Heap after GC invocations=2 (full 0):
 PSYoungGen      total 18432K, used 2112K [0x00000000ebe00000, 0x00000000ee200000, 0x0000000100000000)
  eden space 15872K, 0% used [0x00000000ebe00000,0x00000000ebe00000,0x00000000ecd80000)
  from space 2560K, 82% used [0x00000000ed000000,0x00000000ed210020,0x00000000ed280000)
  to   space 2560K, 0% used [0x00000000ecd80000,0x00000000ecd80000,0x00000000ed000000)
 ParOldGen       total 42496K, used 34858K [0x00000000c3a00000, 0x00000000c6380000, 0x00000000ebe00000)
  object space 42496K, 82% used [0x00000000c3a00000,0x00000000c5c0aa10,0x00000000c6380000)
 Metaspace       used 10804K, capacity 10964K, committed 11264K, reserved 1058816K
  class space    used 1327K, capacity 1412K, committed 1536K, reserved 1048576K
}

